Start testing: Jul 04 07:11 PDT
----------------------------------------------------------
1/1 Testing: Test
1/1 Test: Test
Command: "/home/raining/Learning/GoogleTest/build/MyTests"
Directory: /home/raining/Learning/GoogleTest/build
"Test" start time: Jul 04 07:11 PDT
Output:
----------------------------------------------------------
[==========] Running 1 test from 1 test suite.
[----------] Global test environment set-up.
[----------] 1 test from MyTest
[ RUN      ] MyTest.Sum
[       OK ] MyTest.Sum (0 ms)
[----------] 1 test from MyTest (0 ms total)

[----------] Global test environment tear-down
[==========] 1 test from 1 test suite ran. (0 ms total)
[  PASSED  ] 1 test.
<end of output>
Test time =   0.00 sec
----------------------------------------------------------
Test Passed.
"Test" end time: Jul 04 07:11 PDT
"Test" time elapsed: 00:00:00
----------------------------------------------------------

End testing: Jul 04 07:11 PDT
